
--------
17:10:23
--------

CommandManager!
Oryokiki!
Window!
Hiding handle!
Showing handle!
Hiding handle!
Showing handle!
Hiding handle!
Showing handle!
Hiding handle!
Showing handle!
Hiding handle!
Showing handle!
Hiding handle!
Showing handle!
Hiding handle!
Showing handle!
Hiding handle!
Showing handle!
Hiding handle!
Showing handle!
Hiding handle!
Showing handle!
Hiding handle!
Showing handle!
Hiding handle!
Showing handle!
Hiding handle!
Showing handle!
Hiding handle!
Showing handle!
Hiding handle!
Showing handle!
Hiding handle!
Showing handle!
Hiding handle!
Showing handle!
Hiding handle!
Showing handle!
Hiding handle!
Showing handle!
Hiding handle!
Showing handle!
Hiding handle!
Showing handle!
Hiding handle!
Showing handle!
Hiding handle!
Showing handle!
Hiding handle!
Showing handle!
Hiding handle!
Showing handle!
Hiding handle!
Showing handle!
Hiding handle!
Showing handle!
Hiding handle!
Showing handle!
Hiding handle!
Showing handle!
Hiding handle!
Showing handle!
Hiding handle!
Showing handle!
Hiding handle!
Showing handle!
Hiding handle!
Showing handle!
Hiding handle!
Showing handle!
Hiding handle!
Showing handle!
Hiding handle!
Showing handle!
Hiding handle!
Showing handle!
Hiding handle!
Showing handle!
Hiding handle!
Showing handle!
Hiding handle!
Showing handle!
Hiding handle!
Showing handle!
Hiding handle!
Showing handle!
Hiding handle!
Showing handle!
Hiding handle!
Showing handle!
Hiding handle!
Showing handle!
Hiding handle!
Showing handle!
Hiding handle!
Showing handle!
Hiding handle!
Showing handle!
Hiding handle!
Showing handle!
Hiding handle!
Showing handle!
Hiding handle!
Showing handle!
Hiding handle!
Showing handle!
Hiding handle!
Showing handle!
Hiding handle!
Showing handle!
Hiding handle!
Showing handle!
Hiding handle!
Showing handle!
Hiding handle!
Showing handle!
Hiding handle!
Showing handle!
Hiding handle!
Showing handle!
Hiding handle!
Showing handle!
Hiding handle!
Showing handle!
Hiding handle!
Showing handle!
Hiding handle!
Showing handle!
Hiding handle!
Showing handle!
Hiding handle!
Showing handle!
Hiding handle!
Showing handle!
Hiding handle!
Showing handle!
Hiding handle!
Showing handle!
Hiding handle!
Showing handle!
Hiding handle!
Showing handle!
Hiding handle!
Showing handle!
Hiding handle!
Showing handle!
Hiding handle!
Showing handle!
Hiding handle!
Showing handle!
Hiding handle!
Showing handle!
Hiding handle!
Showing handle!
Hiding handle!
Showing handle!
Hiding handle!
Showing handle!
Hiding handle!
Showing handle!
Hiding handle!
Showing handle!
Hiding handle!
Showing handle!
Hiding handle!
Showing handle!
Hiding handle!
Showing handle!
Hiding handle!
Showing handle!
Hiding handle!
Showing handle!
Hiding handle!
Showing handle!
Hiding handle!
Showing handle!
Hiding handle!
Showing handle!
Hiding handle!
Showing handle!
Hiding handle!
Showing handle!
Hiding handle!
Showing handle!
Hiding handle!
Showing handle!
Hiding handle!
Showing handle!
Hiding handle!
Showing handle!
Hiding handle!
Showing handle!
Hiding handle!
Showing handle!
Hiding handle!
Showing handle!
Hiding handle!
Showing handle!
